{
"/Users/chrisgibson/Documents/Work/TelQ/src/dbMongoose.js":{"path":"/Users/chrisgibson/Documents/Work/TelQ/src/dbMongoose.js","s":{"1":1,"2":1,"3":3,"4":3,"5":3,"6":1,"7":3,"8":1,"9":1,"10":2,"11":1,"12":1,"13":3,"14":3,"15":1},"b":{"1":[3,1],"2":[3,3],"3":[1,2],"4":[1,1]},"f":{"1":3,"2":3,"3":2},"fnMap":{"1":{"name":"(anonymous_1)","line":6,"loc":{"start":{"line":6,"column":14},"end":{"line":6,"column":32}}},"2":{"name":"qGetDB","line":11,"loc":{"start":{"line":11,"column":4},"end":{"line":11,"column":37}}},"3":{"name":"dbCallback","line":16,"loc":{"start":{"line":16,"column":6},"end":{"line":16,"column":37}}}},"statementMap":{"1":{"start":{"line":3,"column":0},"end":{"line":3,"column":27}},"2":{"start":{"line":5,"column":0},"end":{"line":27,"column":2}},"3":{"start":{"line":7,"column":4},"end":{"line":7,"column":48}},"4":{"start":{"line":8,"column":4},"end":{"line":8,"column":36}},"5":{"start":{"line":9,"column":4},"end":{"line":9,"column":33}},"6":{"start":{"line":11,"column":4},"end":{"line":24,"column":5}},"7":{"start":{"line":12,"column":6},"end":{"line":14,"column":7}},"8":{"start":{"line":13,"column":8},"end":{"line":13,"column":27}},"9":{"start":{"line":16,"column":6},"end":{"line":22,"column":7}},"10":{"start":{"line":17,"column":8},"end":{"line":21,"column":9}},"11":{"start":{"line":18,"column":10},"end":{"line":18,"column":22}},"12":{"start":{"line":20,"column":10},"end":{"line":20,"column":24}},"13":{"start":{"line":23,"column":6},"end":{"line":23,"column":42}},"14":{"start":{"line":25,"column":4},"end":{"line":25,"column":36}},"15":{"start":{"line":29,"column":0},"end":{"line":29,"column":28}}},"branchMap":{"1":{"line":7,"type":"binary-expr","locations":[{"start":{"line":7,"column":20},"end":{"line":7,"column":37}},{"start":{"line":7,"column":41},"end":{"line":7,"column":47}}]},"2":{"line":8,"type":"binary-expr","locations":[{"start":{"line":8,"column":16},"end":{"line":8,"column":29}},{"start":{"line":8,"column":33},"end":{"line":8,"column":35}}]},"3":{"line":12,"type":"if","locations":[{"start":{"line":12,"column":6},"end":{"line":12,"column":6}},{"start":{"line":12,"column":6},"end":{"line":12,"column":6}}]},"4":{"line":17,"type":"if","locations":[{"start":{"line":17,"column":8},"end":{"line":17,"column":8}},{"start":{"line":17,"column":8},"end":{"line":17,"column":8}}]}},"l":{"3":1,"5":1,"7":3,"8":3,"9":3,"11":1,"12":3,"13":1,"16":1,"17":2,"18":1,"20":1,"23":3,"25":3,"29":1}},
"/Users/chrisgibson/Documents/Work/TelQ/src/dbSql.js":{"path":"/Users/chrisgibson/Documents/Work/TelQ/src/dbSql.js","s":{"1":1,"2":1,"3":1,"4":1,"5":2,"6":2,"7":2,"8":0,"9":2,"10":2,"11":1,"12":1,"13":2,"14":2,"15":2,"16":3,"17":2,"18":1,"19":1,"20":1},"b":{"1":[0,2],"2":[1,1],"3":[2,1]},"f":{"1":3,"2":2,"3":2,"4":2,"5":1},"fnMap":{"1":{"name":"(anonymous_1)","line":7,"loc":{"start":{"line":7,"column":9},"end":{"line":7,"column":27}}},"2":{"name":"qExecuteStatement","line":8,"loc":{"start":{"line":8,"column":4},"end":{"line":8,"column":48}}},"3":{"name":"(anonymous_3)","line":16,"loc":{"start":{"line":16,"column":31},"end":{"line":16,"column":45}}},"4":{"name":"(anonymous_4)","line":22,"loc":{"start":{"line":22,"column":60},"end":{"line":22,"column":84}}},"5":{"name":"(anonymous_5)","line":39,"loc":{"start":{"line":39,"column":30},"end":{"line":39,"column":56}}}},"statementMap":{"1":{"start":{"line":3,"column":0},"end":{"line":3,"column":27}},"2":{"start":{"line":4,"column":0},"end":{"line":4,"column":33}},"3":{"start":{"line":6,"column":0},"end":{"line":44,"column":2}},"4":{"start":{"line":8,"column":4},"end":{"line":34,"column":5}},"5":{"start":{"line":9,"column":6},"end":{"line":9,"column":65}},"6":{"start":{"line":16,"column":6},"end":{"line":33,"column":9}},"7":{"start":{"line":18,"column":8},"end":{"line":20,"column":9}},"8":{"start":{"line":19,"column":10},"end":{"line":19,"column":45}},"9":{"start":{"line":22,"column":8},"end":{"line":30,"column":11}},"10":{"start":{"line":23,"column":10},"end":{"line":26,"column":11}},"11":{"start":{"line":24,"column":12},"end":{"line":24,"column":31}},"12":{"start":{"line":25,"column":12},"end":{"line":25,"column":47}},"13":{"start":{"line":28,"column":10},"end":{"line":28,"column":29}},"14":{"start":{"line":29,"column":10},"end":{"line":29,"column":53}},"15":{"start":{"line":32,"column":8},"end":{"line":32,"column":39}},"16":{"start":{"line":36,"column":4},"end":{"line":42,"column":5}},"17":{"start":{"line":37,"column":6},"end":{"line":37,"column":49}},"18":{"start":{"line":39,"column":6},"end":{"line":41,"column":9}},"19":{"start":{"line":40,"column":8},"end":{"line":40,"column":37}},"20":{"start":{"line":46,"column":0},"end":{"line":46,"column":23}}},"branchMap":{"1":{"line":18,"type":"if","locations":[{"start":{"line":18,"column":8},"end":{"line":18,"column":8}},{"start":{"line":18,"column":8},"end":{"line":18,"column":8}}]},"2":{"line":23,"type":"if","locations":[{"start":{"line":23,"column":10},"end":{"line":23,"column":10}},{"start":{"line":23,"column":10},"end":{"line":23,"column":10}}]},"3":{"line":36,"type":"if","locations":[{"start":{"line":36,"column":4},"end":{"line":36,"column":4}},{"start":{"line":36,"column":4},"end":{"line":36,"column":4}}]}},"l":{"3":1,"4":1,"6":1,"8":1,"9":2,"16":2,"18":2,"19":0,"22":2,"23":2,"24":1,"25":1,"28":2,"29":2,"32":2,"36":3,"37":2,"39":1,"40":1,"46":1}},
"/Users/chrisgibson/Documents/Work/TelQ/src/TelQ.js":{"path":"/Users/chrisgibson/Documents/Work/TelQ/src/TelQ.js","s":{"1":1,"2":1,"3":1,"4":1,"5":1,"6":1,"7":1,"8":1,"9":1,"10":1,"11":2,"12":1,"13":1,"14":2,"15":1,"16":0,"17":1,"18":1,"19":1,"20":1,"21":0,"22":0,"23":2,"24":2,"25":2,"26":2,"27":2,"28":2,"29":1,"30":1,"31":1,"32":2,"33":1,"34":1,"35":2,"36":2,"37":1,"38":2,"39":2,"40":0,"41":1,"42":1,"43":1,"44":1,"45":1,"46":1},"b":{"1":[2,2],"2":[1,1],"3":[2,2],"4":[0,1],"5":[1,1],"6":[1,0],"7":[0,0],"8":[0,2],"9":[0,2],"10":[2,0],"11":[1,1],"12":[2,2],"13":[2,0]},"f":{"1":1,"2":2,"3":2,"4":2,"5":0,"6":2,"7":2,"8":2,"9":2},"fnMap":{"1":{"name":"TelQ","line":11,"loc":{"start":{"line":11,"column":0},"end":{"line":11,"column":16}}},"2":{"name":"get","line":14,"loc":{"start":{"line":14,"column":4},"end":{"line":14,"column":31}}},"3":{"name":"qGetHttp","line":17,"loc":{"start":{"line":17,"column":8},"end":{"line":17,"column":43}}},"4":{"name":"requestCallback","line":19,"loc":{"start":{"line":19,"column":12},"end":{"line":19,"column":60}}},"5":{"name":"returnIfCached","line":37,"loc":{"start":{"line":37,"column":12},"end":{"line":37,"column":48}}},"6":{"name":"post","line":61,"loc":{"start":{"line":61,"column":4},"end":{"line":61,"column":27}}},"7":{"name":"qGetHttp","line":62,"loc":{"start":{"line":62,"column":8},"end":{"line":62,"column":43}}},"8":{"name":"requestCallback","line":63,"loc":{"start":{"line":63,"column":12},"end":{"line":63,"column":60}}},"9":{"name":"use","line":76,"loc":{"start":{"line":76,"column":4},"end":{"line":76,"column":25}}}},"statementMap":{"1":{"start":{"line":1,"column":0},"end":{"line":1,"column":33}},"2":{"start":{"line":2,"column":0},"end":{"line":2,"column":27}},"3":{"start":{"line":3,"column":0},"end":{"line":3,"column":26}},"4":{"start":{"line":4,"column":0},"end":{"line":4,"column":32}},"5":{"start":{"line":5,"column":0},"end":{"line":5,"column":45}},"6":{"start":{"line":6,"column":0},"end":{"line":6,"column":33}},"7":{"start":{"line":8,"column":0},"end":{"line":8,"column":28}},"8":{"start":{"line":9,"column":0},"end":{"line":9,"column":30}},"9":{"start":{"line":11,"column":0},"end":{"line":92,"column":1}},"10":{"start":{"line":14,"column":4},"end":{"line":59,"column":5}},"11":{"start":{"line":15,"column":8},"end":{"line":15,"column":61}},"12":{"start":{"line":17,"column":8},"end":{"line":56,"column":9}},"13":{"start":{"line":19,"column":12},"end":{"line":35,"column":13}},"14":{"start":{"line":20,"column":16},"end":{"line":34,"column":17}},"15":{"start":{"line":21,"column":20},"end":{"line":27,"column":21}},"16":{"start":{"line":22,"column":24},"end":{"line":26,"column":27}},"17":{"start":{"line":29,"column":20},"end":{"line":29,"column":83}},"18":{"start":{"line":31,"column":20},"end":{"line":31,"column":46}},"19":{"start":{"line":33,"column":20},"end":{"line":33,"column":34}},"20":{"start":{"line":37,"column":12},"end":{"line":41,"column":13}},"21":{"start":{"line":38,"column":16},"end":{"line":40,"column":17}},"22":{"start":{"line":39,"column":20},"end":{"line":39,"column":70}},"23":{"start":{"line":44,"column":12},"end":{"line":44,"column":77}},"24":{"start":{"line":46,"column":12},"end":{"line":48,"column":20}},"25":{"start":{"line":51,"column":12},"end":{"line":53,"column":13}},"26":{"start":{"line":52,"column":16},"end":{"line":52,"column":53}},"27":{"start":{"line":55,"column":12},"end":{"line":55,"column":42}},"28":{"start":{"line":58,"column":8},"end":{"line":58,"column":42}},"29":{"start":{"line":61,"column":4},"end":{"line":74,"column":5}},"30":{"start":{"line":62,"column":8},"end":{"line":72,"column":9}},"31":{"start":{"line":63,"column":12},"end":{"line":69,"column":13}},"32":{"start":{"line":64,"column":16},"end":{"line":68,"column":17}},"33":{"start":{"line":65,"column":20},"end":{"line":65,"column":44}},"34":{"start":{"line":67,"column":20},"end":{"line":67,"column":34}},"35":{"start":{"line":70,"column":12},"end":{"line":70,"column":51}},"36":{"start":{"line":73,"column":8},"end":{"line":73,"column":42}},"37":{"start":{"line":76,"column":4},"end":{"line":82,"column":5}},"38":{"start":{"line":77,"column":6},"end":{"line":81,"column":7}},"39":{"start":{"line":78,"column":8},"end":{"line":78,"column":32}},"40":{"start":{"line":80,"column":8},"end":{"line":80,"column":37}},"41":{"start":{"line":84,"column":4},"end":{"line":84,"column":33}},"42":{"start":{"line":88,"column":4},"end":{"line":88,"column":16}},"43":{"start":{"line":89,"column":4},"end":{"line":89,"column":18}},"44":{"start":{"line":90,"column":4},"end":{"line":90,"column":16}},"45":{"start":{"line":91,"column":4},"end":{"line":91,"column":13}},"46":{"start":{"line":94,"column":0},"end":{"line":94,"column":28}}},"branchMap":{"1":{"line":15,"type":"binary-expr","locations":[{"start":{"line":15,"column":27},"end":{"line":15,"column":42}},{"start":{"line":15,"column":46},"end":{"line":15,"column":47}}]},"2":{"line":20,"type":"if","locations":[{"start":{"line":20,"column":16},"end":{"line":20,"column":16}},{"start":{"line":20,"column":16},"end":{"line":20,"column":16}}]},"3":{"line":20,"type":"binary-expr","locations":[{"start":{"line":20,"column":20},"end":{"line":20,"column":26}},{"start":{"line":20,"column":30},"end":{"line":20,"column":57}}]},"4":{"line":21,"type":"if","locations":[{"start":{"line":21,"column":20},"end":{"line":21,"column":20}},{"start":{"line":21,"column":20},"end":{"line":21,"column":20}}]},"5":{"line":21,"type":"binary-expr","locations":[{"start":{"line":21,"column":24},"end":{"line":21,"column":42}},{"start":{"line":21,"column":46},"end":{"line":21,"column":65}}]},"6":{"line":29,"type":"cond-expr","locations":[{"start":{"line":29,"column":59},"end":{"line":29,"column":75}},{"start":{"line":29,"column":78},"end":{"line":29,"column":82}}]},"7":{"line":38,"type":"if","locations":[{"start":{"line":38,"column":16},"end":{"line":38,"column":16}},{"start":{"line":38,"column":16},"end":{"line":38,"column":16}}]},"8":{"line":44,"type":"cond-expr","locations":[{"start":{"line":44,"column":46},"end":{"line":44,"column":69}},{"start":{"line":44,"column":72},"end":{"line":44,"column":76}}]},"9":{"line":46,"type":"cond-expr","locations":[{"start":{"line":47,"column":16},"end":{"line":47,"column":56}},{"start":{"line":48,"column":16},"end":{"line":48,"column":19}}]},"10":{"line":51,"type":"if","locations":[{"start":{"line":51,"column":12},"end":{"line":51,"column":12}},{"start":{"line":51,"column":12},"end":{"line":51,"column":12}}]},"11":{"line":64,"type":"if","locations":[{"start":{"line":64,"column":16},"end":{"line":64,"column":16}},{"start":{"line":64,"column":16},"end":{"line":64,"column":16}}]},"12":{"line":64,"type":"binary-expr","locations":[{"start":{"line":64,"column":20},"end":{"line":64,"column":26}},{"start":{"line":64,"column":30},"end":{"line":64,"column":57}}]},"13":{"line":77,"type":"if","locations":[{"start":{"line":77,"column":6},"end":{"line":77,"column":6}},{"start":{"line":77,"column":6},"end":{"line":77,"column":6}}]}},"l":{"1":1,"2":1,"3":1,"4":1,"5":1,"6":1,"8":1,"9":1,"11":1,"14":1,"15":2,"17":1,"19":1,"20":2,"21":1,"22":0,"29":1,"31":1,"33":1,"37":1,"38":0,"39":0,"44":2,"46":2,"51":2,"52":2,"55":2,"58":2,"61":1,"62":1,"63":1,"64":2,"65":1,"67":1,"70":2,"73":2,"76":1,"77":2,"78":2,"80":0,"84":1,"88":1,"89":1,"90":1,"91":1,"94":1}},
"/Users/chrisgibson/Documents/Work/TelQ/src/q-cache.js":{"path":"/Users/chrisgibson/Documents/Work/TelQ/src/q-cache.js","s":{"1":1,"2":1,"3":1,"4":1,"5":0,"6":1,"7":0,"8":1,"9":1,"10":0,"11":2,"12":1,"13":0,"14":0,"15":1,"16":2,"17":2,"18":1,"19":1,"20":1,"21":1},"b":{},"f":{"1":1,"2":0,"3":0,"4":2,"5":0,"6":0,"7":2},"fnMap":{"1":{"name":"PackageCache","line":3,"loc":{"start":{"line":3,"column":0},"end":{"line":3,"column":24}}},"2":{"name":"uniqueIds","line":7,"loc":{"start":{"line":7,"column":4},"end":{"line":7,"column":30}}},"3":{"name":"cleanOldItems","line":11,"loc":{"start":{"line":11,"column":4},"end":{"line":11,"column":34}}},"4":{"name":"repairRegistry","line":15,"loc":{"start":{"line":15,"column":4},"end":{"line":15,"column":33}}},"5":{"name":"currentKey","line":16,"loc":{"start":{"line":16,"column":8},"end":{"line":16,"column":35}}},"6":{"name":"add","line":28,"loc":{"start":{"line":28,"column":4},"end":{"line":28,"column":23}}},"7":{"name":"returnRegistry","line":33,"loc":{"start":{"line":33,"column":4},"end":{"line":33,"column":30}}}},"statementMap":{"1":{"start":{"line":1,"column":0},"end":{"line":1,"column":26}},"2":{"start":{"line":3,"column":0},"end":{"line":41,"column":1}},"3":{"start":{"line":5,"column":4},"end":{"line":5,"column":22}},"4":{"start":{"line":7,"column":4},"end":{"line":9,"column":5}},"5":{"start":{"line":8,"column":8},"end":{"line":8,"column":24}},"6":{"start":{"line":11,"column":4},"end":{"line":13,"column":5}},"7":{"start":{"line":12,"column":8},"end":{"line":12,"column":72}},"8":{"start":{"line":15,"column":4},"end":{"line":26,"column":5}},"9":{"start":{"line":16,"column":8},"end":{"line":18,"column":9}},"10":{"start":{"line":17,"column":12},"end":{"line":17,"column":36}},"11":{"start":{"line":20,"column":8},"end":{"line":25,"column":21}},"12":{"start":{"line":28,"column":4},"end":{"line":31,"column":5}},"13":{"start":{"line":29,"column":8},"end":{"line":29,"column":32}},"14":{"start":{"line":30,"column":8},"end":{"line":30,"column":28}},"15":{"start":{"line":33,"column":4},"end":{"line":36,"column":5}},"16":{"start":{"line":34,"column":8},"end":{"line":34,"column":25}},"17":{"start":{"line":35,"column":8},"end":{"line":35,"column":24}},"18":{"start":{"line":38,"column":4},"end":{"line":38,"column":33}},"19":{"start":{"line":39,"column":4},"end":{"line":39,"column":19}},"20":{"start":{"line":40,"column":4},"end":{"line":40,"column":31}},"21":{"start":{"line":43,"column":0},"end":{"line":43,"column":36}}},"branchMap":{},"l":{"1":1,"3":1,"5":1,"7":1,"8":0,"11":1,"12":0,"15":1,"16":1,"17":0,"20":2,"28":1,"29":0,"30":0,"33":1,"34":2,"35":2,"38":1,"39":1,"40":1,"43":1}}}
