TN:
SF:/Users/chrisgibson/Documents/Work/TelQ/src/dbMongoose.js
FN:6,(anonymous_1)
FN:11,qGetDB
FN:16,dbCallback
FNF:3
FNH:3
FNDA:3,(anonymous_1)
FNDA:3,qGetDB
FNDA:2,dbCallback
DA:3,1
DA:5,1
DA:7,3
DA:8,3
DA:9,3
DA:11,1
DA:12,3
DA:13,1
DA:16,1
DA:17,2
DA:18,1
DA:20,1
DA:23,3
DA:25,3
DA:29,1
LF:15
LH:15
BRDA:7,1,0,3
BRDA:7,1,1,1
BRDA:8,2,0,3
BRDA:8,2,1,3
BRDA:12,3,0,1
BRDA:12,3,1,2
BRDA:17,4,0,1
BRDA:17,4,1,1
BRF:8
BRH:8
end_of_record
TN:
SF:/Users/chrisgibson/Documents/Work/TelQ/src/dbSql.js
FN:7,(anonymous_1)
FN:8,qExecuteStatement
FN:16,(anonymous_3)
FN:22,(anonymous_4)
FN:39,(anonymous_5)
FNF:5
FNH:5
FNDA:3,(anonymous_1)
FNDA:2,qExecuteStatement
FNDA:2,(anonymous_3)
FNDA:2,(anonymous_4)
FNDA:1,(anonymous_5)
DA:3,1
DA:4,1
DA:6,1
DA:8,1
DA:9,2
DA:16,2
DA:18,2
DA:19,0
DA:22,2
DA:23,2
DA:24,1
DA:25,1
DA:28,2
DA:29,2
DA:32,2
DA:36,3
DA:37,2
DA:39,1
DA:40,1
DA:46,1
LF:20
LH:19
BRDA:18,1,0,0
BRDA:18,1,1,2
BRDA:23,2,0,1
BRDA:23,2,1,1
BRDA:36,3,0,2
BRDA:36,3,1,1
BRF:6
BRH:5
end_of_record
TN:
SF:/Users/chrisgibson/Documents/Work/TelQ/src/TelQ.js
FN:11,TelQ
FN:14,get
FN:17,qGetHttp
FN:19,requestCallback
FN:37,returnIfCached
FN:61,post
FN:62,qGetHttp
FN:63,requestCallback
FN:76,use
FNF:9
FNH:8
FNDA:1,TelQ
FNDA:2,get
FNDA:2,qGetHttp
FNDA:2,requestCallback
FNDA:0,returnIfCached
FNDA:2,post
FNDA:2,qGetHttp
FNDA:2,requestCallback
FNDA:2,use
DA:1,1
DA:2,1
DA:3,1
DA:4,1
DA:5,1
DA:6,1
DA:8,1
DA:9,1
DA:11,1
DA:14,1
DA:15,2
DA:17,1
DA:19,1
DA:20,2
DA:21,1
DA:22,0
DA:29,1
DA:31,1
DA:33,1
DA:37,1
DA:38,0
DA:39,0
DA:44,2
DA:46,2
DA:51,2
DA:52,2
DA:55,2
DA:58,2
DA:61,1
DA:62,1
DA:63,1
DA:64,2
DA:65,1
DA:67,1
DA:70,2
DA:73,2
DA:76,1
DA:77,2
DA:78,2
DA:80,0
DA:84,1
DA:88,1
DA:89,1
DA:90,1
DA:91,1
DA:94,1
LF:46
LH:42
BRDA:15,1,0,2
BRDA:15,1,1,2
BRDA:20,2,0,1
BRDA:20,2,1,1
BRDA:20,3,0,2
BRDA:20,3,1,2
BRDA:21,4,0,0
BRDA:21,4,1,1
BRDA:21,5,0,1
BRDA:21,5,1,1
BRDA:29,6,0,1
BRDA:29,6,1,0
BRDA:38,7,0,0
BRDA:38,7,1,0
BRDA:44,8,0,0
BRDA:44,8,1,2
BRDA:46,9,0,0
BRDA:46,9,1,2
BRDA:51,10,0,2
BRDA:51,10,1,0
BRDA:64,11,0,1
BRDA:64,11,1,1
BRDA:64,12,0,2
BRDA:64,12,1,2
BRDA:77,13,0,2
BRDA:77,13,1,0
BRF:26
BRH:18
end_of_record
TN:
SF:/Users/chrisgibson/Documents/Work/TelQ/src/q-cache.js
FN:3,PackageCache
FN:7,uniqueIds
FN:11,cleanOldItems
FN:15,repairRegistry
FN:16,currentKey
FN:28,add
FN:33,returnRegistry
FNF:7
FNH:3
FNDA:1,PackageCache
FNDA:0,uniqueIds
FNDA:0,cleanOldItems
FNDA:2,repairRegistry
FNDA:0,currentKey
FNDA:0,add
FNDA:2,returnRegistry
DA:1,1
DA:3,1
DA:5,1
DA:7,1
DA:8,0
DA:11,1
DA:12,0
DA:15,1
DA:16,1
DA:17,0
DA:20,2
DA:28,1
DA:29,0
DA:30,0
DA:33,1
DA:34,2
DA:35,2
DA:38,1
DA:39,1
DA:40,1
DA:43,1
LF:21
LH:16
BRF:0
BRH:0
end_of_record
